<?xml version="1.0" encoding="UTF-8"?>
<testng-results skipped="0" failed="1" ignored="3" total="8" passed="4">
  <reporter-output>
  </reporter-output>
  <suite name="edureka" duration-ms="145905" started-at="2020-07-05T09:15:36Z" finished-at="2020-07-05T09:18:02Z">
    <groups>
    </groups>
    <test name="Home Page" duration-ms="145905" started-at="2020-07-05T09:15:36Z" finished-at="2020-07-05T09:18:02Z">
      <class name="com.edureka.test.Home">
        <test-method status="PASS" signature="runBeforeSuite()[pri:0, instance:com.edureka.test.Home@29ca901e]" name="runBeforeSuite" is-config="true" duration-ms="617" started-at="2020-07-05T09:15:36Z" finished-at="2020-07-05T09:15:36Z">
          <reporter-output>
          </reporter-output>
        </test-method> <!-- runBeforeSuite -->
        <test-method status="PASS" signature="startReport()[pri:0, instance:com.edureka.test.Home@29ca901e]" name="startReport" is-config="true" duration-ms="5" started-at="2020-07-05T09:15:36Z" finished-at="2020-07-05T09:15:36Z">
          <reporter-output>
          </reporter-output>
        </test-method> <!-- startReport -->
        <test-method status="PASS" signature="login(java.lang.String, java.lang.String)[pri:0, instance:com.edureka.test.Home@29ca901e]" name="login" duration-ms="26782" started-at="2020-07-05T09:15:37Z" finished-at="2020-07-05T09:16:03Z">
          <params>
            <param index="0">
              <value>
                <![CDATA[chrome]]>
              </value>
            </param>
            <param index="1">
              <value>
                <![CDATA[https://www.edureka.co/]]>
              </value>
            </param>
          </params>
          <reporter-output>
          </reporter-output>
        </test-method> <!-- login -->
        <test-method status="PASS" signature="TearDown_AM(org.testng.ITestResult)[pri:0, instance:com.edureka.test.Home@29ca901e]" name="TearDown_AM" is-config="true" duration-ms="1924" started-at="2020-07-05T09:16:03Z" finished-at="2020-07-05T09:16:05Z">
          <params>
            <param index="0">
              <value>
                <![CDATA[[TestResult name=login status=SUCCESS method=Home.login(java.lang.String, java.lang.String)[pri:0, instance:com.edureka.test.Home@29ca901e] output={null}]]]>
              </value>
            </param>
          </params>
          <reporter-output>
          </reporter-output>
        </test-method> <!-- TearDown_AM -->
        <test-method status="PASS" signature="startReport()[pri:0, instance:com.edureka.test.Home@29ca901e]" name="startReport" is-config="true" duration-ms="0" started-at="2020-07-05T09:16:05Z" finished-at="2020-07-05T09:16:05Z">
          <reporter-output>
          </reporter-output>
        </test-method> <!-- startReport -->
        <test-method status="PASS" signature="loginOverloadedMethod(java.lang.String, java.lang.String)[pri:0, instance:com.edureka.test.Home@29ca901e]" name="loginOverloadedMethod" duration-ms="20824" started-at="2020-07-05T09:16:05Z" finished-at="2020-07-05T09:16:26Z">
          <params>
            <param index="0">
              <value>
                <![CDATA[chrome]]>
              </value>
            </param>
            <param index="1">
              <value>
                <![CDATA[https://www.edureka.co/]]>
              </value>
            </param>
          </params>
          <reporter-output>
          </reporter-output>
        </test-method> <!-- loginOverloadedMethod -->
        <test-method status="PASS" signature="TearDown_AM(org.testng.ITestResult)[pri:0, instance:com.edureka.test.Home@29ca901e]" name="TearDown_AM" is-config="true" duration-ms="1621" started-at="2020-07-05T09:16:26Z" finished-at="2020-07-05T09:16:28Z">
          <params>
            <param index="0">
              <value>
                <![CDATA[[TestResult name=loginOverloadedMethod status=SUCCESS method=Home.loginOverloadedMethod(java.lang.String, java.lang.String)[pri:0, instance:com.edureka.test.Home@29ca901e] output={null}]]]>
              </value>
            </param>
          </params>
          <reporter-output>
          </reporter-output>
        </test-method> <!-- TearDown_AM -->
      </class> <!-- com.edureka.test.Home -->
      <class name="com.edureka.test.Course">
        <test-method status="PASS" signature="startReport()[pri:0, instance:com.edureka.test.Course@2d928643]" name="startReport" is-config="true" duration-ms="1" started-at="2020-07-05T09:17:41Z" finished-at="2020-07-05T09:17:41Z">
          <reporter-output>
          </reporter-output>
        </test-method> <!-- startReport -->
        <test-method status="FAIL" signature="coursePage(java.lang.String, java.lang.String)[pri:0, instance:com.edureka.test.Course@2d928643]" name="coursePage" duration-ms="19268" started-at="2020-07-05T09:17:41Z" finished-at="2020-07-05T09:18:01Z">
          <params>
            <param index="0">
              <value>
                <![CDATA[chrome]]>
              </value>
            </param>
            <param index="1">
              <value>
                <![CDATA[https://www.edureka.co/]]>
              </value>
            </param>
          </params>
          <exception class="java.lang.IndexOutOfBoundsException">
            <message>
              <![CDATA[Index: 0, Size: 0]]>
            </message>
            <full-stacktrace>
              <![CDATA[java.lang.IndexOutOfBoundsException: Index: 0, Size: 0
at java.util.ArrayList.rangeCheck(Unknown Source)
at java.util.ArrayList.get(Unknown Source)
at sun.reflect.NativeMethodAccessorImpl.invoke0(Native Method)
at sun.reflect.NativeMethodAccessorImpl.invoke(Unknown Source)
at sun.reflect.DelegatingMethodAccessorImpl.invoke(Unknown Source)
at java.lang.reflect.Method.invoke(Unknown Source)
at org.openqa.selenium.support.pagefactory.internal.LocatingElementListHandler.invoke(LocatingElementListHandler.java:39)
at com.sun.proxy.$Proxy12.get(Unknown Source)
at com.edureka.pages.CoursePage.validateCourseLinks(CoursePage.java:44)
at com.edureka.test.Course.coursePage(Course.java:21)
at sun.reflect.NativeMethodAccessorImpl.invoke0(Native Method)
at sun.reflect.NativeMethodAccessorImpl.invoke(Unknown Source)
at sun.reflect.DelegatingMethodAccessorImpl.invoke(Unknown Source)
at java.lang.reflect.Method.invoke(Unknown Source)
at org.testng.internal.MethodInvocationHelper.invokeMethod(MethodInvocationHelper.java:124)
at org.testng.internal.Invoker.invokeMethod(Invoker.java:583)
at org.testng.internal.Invoker.invokeTestMethod(Invoker.java:719)
at org.testng.internal.Invoker.invokeTestMethods(Invoker.java:989)
at org.testng.internal.TestMethodWorker.invokeTestMethods(TestMethodWorker.java:125)
at org.testng.internal.TestMethodWorker.run(TestMethodWorker.java:109)
at org.testng.TestRunner.privateRun(TestRunner.java:648)
at org.testng.TestRunner.run(TestRunner.java:505)
at org.testng.SuiteRunner.runTest(SuiteRunner.java:455)
at org.testng.SuiteRunner.runSequentially(SuiteRunner.java:450)
at org.testng.SuiteRunner.privateRun(SuiteRunner.java:415)
at org.testng.SuiteRunner.run(SuiteRunner.java:364)
at org.testng.SuiteRunnerWorker.runSuite(SuiteRunnerWorker.java:52)
at org.testng.SuiteRunnerWorker.run(SuiteRunnerWorker.java:84)
at org.testng.TestNG.runSuitesSequentially(TestNG.java:1208)
at org.testng.TestNG.runSuitesLocally(TestNG.java:1137)
at org.testng.TestNG.runSuites(TestNG.java:1049)
at org.testng.TestNG.run(TestNG.java:1017)
at org.testng.remote.AbstractRemoteTestNG.run(AbstractRemoteTestNG.java:114)
at org.testng.remote.RemoteTestNG.initAndRun(RemoteTestNG.java:251)
at org.testng.remote.RemoteTestNG.main(RemoteTestNG.java:77)
]]>
            </full-stacktrace>
          </exception> <!-- java.lang.IndexOutOfBoundsException -->
          <reporter-output>
          </reporter-output>
        </test-method> <!-- coursePage -->
        <test-method status="PASS" signature="TearDown_AM(org.testng.ITestResult)[pri:0, instance:com.edureka.test.Course@2d928643]" name="TearDown_AM" is-config="true" duration-ms="1715" started-at="2020-07-05T09:18:01Z" finished-at="2020-07-05T09:18:02Z">
          <params>
            <param index="0">
              <value>
                <![CDATA[[TestResult name=coursePage status=FAILURE method=Course.coursePage(java.lang.String, java.lang.String)[pri:0, instance:com.edureka.test.Course@2d928643] output={null}]]]>
              </value>
            </param>
          </params>
          <reporter-output>
          </reporter-output>
        </test-method> <!-- TearDown_AM -->
      </class> <!-- com.edureka.test.Course -->
      <class name="com.edureka.test.TrendingCourses">
        <test-method status="PASS" signature="startReport()[pri:0, instance:com.edureka.test.TrendingCourses@5649fd9b]" name="startReport" is-config="true" duration-ms="0" started-at="2020-07-05T09:16:28Z" finished-at="2020-07-05T09:16:28Z">
          <reporter-output>
          </reporter-output>
        </test-method> <!-- startReport -->
        <test-method status="PASS" signature="validateTile(java.lang.String, java.lang.String)[pri:0, instance:com.edureka.test.TrendingCourses@5649fd9b]" name="validateTile" duration-ms="39606" started-at="2020-07-05T09:16:28Z" finished-at="2020-07-05T09:17:07Z">
          <params>
            <param index="0">
              <value>
                <![CDATA[chrome]]>
              </value>
            </param>
            <param index="1">
              <value>
                <![CDATA[https://www.edureka.co/]]>
              </value>
            </param>
          </params>
          <reporter-output>
          </reporter-output>
        </test-method> <!-- validateTile -->
        <test-method status="PASS" signature="TearDown_AM(org.testng.ITestResult)[pri:0, instance:com.edureka.test.TrendingCourses@5649fd9b]" name="TearDown_AM" is-config="true" duration-ms="2394" started-at="2020-07-05T09:17:07Z" finished-at="2020-07-05T09:17:10Z">
          <params>
            <param index="0">
              <value>
                <![CDATA[[TestResult name=validateTile status=SUCCESS method=TrendingCourses.validateTile(java.lang.String, java.lang.String)[pri:0, instance:com.edureka.test.TrendingCourses@5649fd9b] output={null}]]]>
              </value>
            </param>
          </params>
          <reporter-output>
          </reporter-output>
        </test-method> <!-- TearDown_AM -->
      </class> <!-- com.edureka.test.TrendingCourses -->
      <class name="com.edureka.test.CareerRelated">
        <test-method status="PASS" signature="validateTile(java.lang.String, java.lang.String)[pri:0, instance:com.edureka.test.CareerRelated@6adede5]" name="validateTile" duration-ms="29769" started-at="2020-07-05T09:17:10Z" finished-at="2020-07-05T09:17:39Z">
          <params>
            <param index="0">
              <value>
                <![CDATA[chrome]]>
              </value>
            </param>
            <param index="1">
              <value>
                <![CDATA[https://www.edureka.co/]]>
              </value>
            </param>
          </params>
          <reporter-output>
          </reporter-output>
        </test-method> <!-- validateTile -->
        <test-method status="PASS" signature="startReport()[pri:0, instance:com.edureka.test.CareerRelated@6adede5]" name="startReport" is-config="true" duration-ms="0" started-at="2020-07-05T09:17:10Z" finished-at="2020-07-05T09:17:10Z">
          <reporter-output>
          </reporter-output>
        </test-method> <!-- startReport -->
        <test-method status="PASS" signature="TearDown_AM(org.testng.ITestResult)[pri:0, instance:com.edureka.test.CareerRelated@6adede5]" name="TearDown_AM" is-config="true" duration-ms="1906" started-at="2020-07-05T09:17:39Z" finished-at="2020-07-05T09:17:41Z">
          <params>
            <param index="0">
              <value>
                <![CDATA[[TestResult name=validateTile status=SUCCESS method=CareerRelated.validateTile(java.lang.String, java.lang.String)[pri:0, instance:com.edureka.test.CareerRelated@6adede5] output={null}]]]>
              </value>
            </param>
          </params>
          <reporter-output>
          </reporter-output>
        </test-method> <!-- TearDown_AM -->
      </class> <!-- com.edureka.test.CareerRelated -->
    </test> <!-- Home Page -->
  </suite> <!-- edureka -->
</testng-results>
